--------------------------------------------------------------------------------
Marvellous Infosystems Process Logger : Thu Dec  1 11:59:07 2022
--------------------------------------------------------------------------------
{'pid': 0, 'username': 'NT AUTHORITY\\SYSTEM', 'name': 'System Idle Process', 'vms': 0.0}
{'pid': 4, 'username': 'NT AUTHORITY\\SYSTEM', 'name': 'System', 'vms': 17.5390625}
{'pid': 260, 'username': None, 'name': 'nvxdsync.exe', 'vms': 7.15234375}
{'pid': 308, 'username': 'HP\\hp-pc', 'name': 'chrome.exe', 'vms': 99.48046875}
{'pid': 344, 'username': None, 'name': 'smss.exe', 'vms': 0.29296875}
{'pid': 516, 'username': None, 'name': 'nvvsvc.exe', 'vms': 5.15625}
{'pid': 536, 'username': None, 'name': 'OmniServ.exe', 'vms': 4.2890625}
{'pid': 544, 'username': None, 'name': 'csrss.exe', 'vms': 2.0078125}
{'pid': 620, 'username': None, 'name': 'csrss.exe', 'vms': 2.98046875}
{'pid': 628, 'username': None, 'name': 'wininit.exe', 'vms': 0.78515625}
{'pid': 672, 'username': None, 'name': 'winlogon.exe', 'vms': 1.453125}
{'pid': 724, 'username': None, 'name': 'services.exe', 'vms': 4.6171875}
{'pid': 732, 'username': None, 'name': 'lsass.exe', 'vms': 6.8203125}
{'pid': 800, 'username': None, 'name': 'svchost.exe', 'vms': 5.3515625}
{'pid': 816, 'username': None, 'name': 'svchost.exe', 'vms': 26.0625}
{'pid': 840, 'username': None, 'name': 'svchost.exe', 'vms': 7.48046875}
{'pid': 920, 'username': 'HP\\hp-pc', 'name': 'HPMSGSVC.exe', 'vms': 1.640625}
{'pid': 928, 'username': None, 'name': 'dwm.exe', 'vms': 34.5703125}
{'pid': 936, 'username': None, 'name': 'GamesAppIntegrationService.exe', 'vms': 1.2890625}
{'pid': 960, 'username': None, 'name': 'nvvsvc.exe', 'vms': 2.02734375}
{'pid': 1016, 'username': None, 'name': 'conhost.exe', 'vms': 0.6796875}
{'pid': 1028, 'username': None, 'name': 'svchost.exe', 'vms': 36.53515625}
{'pid': 1040, 'username': None, 'name': 'GoogleInputService.exe', 'vms': 1.0546875}
{'pid': 1100, 'username': None, 'name': 'svchost.exe', 'vms': 13.1875}
{'pid': 1164, 'username': None, 'name': 'opvapp.exe', 'vms': 1.8359375}
{'pid': 1176, 'username': None, 'name': 'igfxCUIService.exe', 'vms': 2.0703125}
{'pid': 1204, 'username': None, 'name': 'svchost.exe', 'vms': 126.59765625}
{'pid': 1232, 'username': 'HP\\hp-pc', 'name': 'pycharm64.exe', 'vms': 1982.9296875}
{'pid': 1272, 'username': 'HP\\hp-pc', 'name': 'GoogleDriveFS.exe', 'vms': 13.37890625}
{'pid': 1296, 'username': None, 'name': 'dasHost.exe', 'vms': 5.34375}
{'pid': 1396, 'username': None, 'name': 'RtkAudioService64.exe', 'vms': 1.67578125}
{'pid': 1412, 'username': None, 'name': 'RAVBg64.exe', 'vms': 5.546875}
{'pid': 1436, 'username': None, 'name': 'svchost.exe', 'vms': 6.96875}
{'pid': 1448, 'username': None, 'name': 'svchost.exe', 'vms': 15.08203125}
{'pid': 1564, 'username': None, 'name': 'wlanext.exe', 'vms': 1.4296875}
{'pid': 1572, 'username': 'HP\\hp-pc', 'name': 'esif_assist.exe', 'vms': 1.046875}
{'pid': 1576, 'username': None, 'name': 'conhost.exe', 'vms': 0.6015625}
{'pid': 1580, 'username': None, 'name': 'esif_uf.exe', 'vms': 1.53125}
{'pid': 1660, 'username': None, 'name': 'spoolsv.exe', 'vms': 4.3515625}
{'pid': 1688, 'username': None, 'name': 'svchost.exe', 'vms': 17.02734375}
{'pid': 1708, 'username': None, 'name': 'UPDGEN2.EXE', 'vms': 1.15234375}
{'pid': 1796, 'username': None, 'name': 'armsvc.exe', 'vms': 2.98828125}
{'pid': 1876, 'username': None, 'name': 'taskhost.exe', 'vms': 20.109375}
{'pid': 1888, 'username': None, 'name': 'taskeng.exe', 'vms': 1.0859375}
{'pid': 1904, 'username': 'HP\\hp-pc', 'name': 'nvtray.exe', 'vms': 4.03515625}
{'pid': 1920, 'username': None, 'name': 'svchost.exe', 'vms': 3.27734375}
{'pid': 1940, 'username': None, 'name': 'BTDevMgr.exe', 'vms': 1.68359375}
{'pid': 1968, 'username': 'HP\\hp-pc', 'name': 'conhost.exe', 'vms': 1.3515625}
{'pid': 2000, 'username': None, 'name': 'UpdaterService.exe', 'vms': 11.578125}
{'pid': 2060, 'username': None, 'name': 'WEBPROT2.EXE', 'vms': 23.32421875}
{'pid': 2128, 'username': None, 'name': 'NPHOST.EXE', 'vms': 5.8046875}
{'pid': 2180, 'username': None, 'name': 'NPProt.exe', 'vms': 0.83984375}
{'pid': 2224, 'username': None, 'name': 'NvNetworkService.exe', 'vms': 1.33984375}
{'pid': 2288, 'username': None, 'name': 'nvstreamsvc.exe', 'vms': 3.6171875}
{'pid': 2352, 'username': None, 'name': 'nvstreamsvc.exe', 'vms': 5.38671875}
{'pid': 2372, 'username': None, 'name': 'SynTPEnhService.exe', 'vms': 0.78125}
{'pid': 2424, 'username': 'HP\\hp-pc', 'name': 'chrome.exe', 'vms': 15.0546875}
{'pid': 2536, 'username': None, 'name': 'IAStorDataMgrSvc.exe', 'vms': 38.87109375}
{'pid': 2560, 'username': None, 'name': 'nvstreamsvc.exe', 'vms': 3.3359375}
{'pid': 2568, 'username': None, 'name': 'conhost.exe', 'vms': 0.71875}
{'pid': 2668, 'username': 'HP\\hp-pc', 'name': 'taskhostex.exe', 'vms': 5.96875}
{'pid': 2764, 'username': None, 'name': 'HPSupportSolutionsFrameworkService.exe', 'vms': 35.109375}
{'pid': 2888, 'username': 'HP\\hp-pc', 'name': 'RtkNGUI64.exe', 'vms': 8.2734375}
{'pid': 2892, 'username': None, 'name': 'jhi_service.exe', 'vms': 0.96484375}
{'pid': 3040, 'username': None, 'name': 'WUDFHost.exe', 'vms': 22.69921875}
{'pid': 3076, 'username': None, 'name': 'ZVCMD64.EXE', 'vms': 0.55859375}
{'pid': 3088, 'username': None, 'name': 'conhost.exe', 'vms': 0.61328125}
{'pid': 3116, 'username': None, 'name': 'svchost.exe', 'vms': 0.8671875}
{'pid': 3148, 'username': None, 'name': 'svchost.exe', 'vms': 5.7421875}
{'pid': 3216, 'username': 'HP\\hp-pc', 'name': 'conhost.exe', 'vms': 0.93359375}
{'pid': 3244, 'username': None, 'name': 'GoogleCrashHandler64.exe', 'vms': 1.27734375}
{'pid': 3304, 'username': None, 'name': 'WmiPrvSE.exe', 'vms': 25.11328125}
{'pid': 3340, 'username': 'HP\\hp-pc', 'name': 'crashpad_handler.exe', 'vms': 1.11328125}
{'pid': 3380, 'username': None, 'name': 'conhost.exe', 'vms': 0.859375}
{'pid': 3580, 'username': 'HP\\hp-pc', 'name': 'cmd.exe', 'vms': 1.62890625}
{'pid': 3624, 'username': None, 'name': 'GoogleCrashHandler.exe', 'vms': 1.33984375}
{'pid': 3672, 'username': None, 'name': 'LMS.exe', 'vms': 3.84375}
{'pid': 3696, 'username': 'HP\\hp-pc', 'name': 'AcroRd32.exe', 'vms': 75.359375}
{'pid': 3764, 'username': 'HP\\hp-pc', 'name': 'GoogleInputHandler.exe', 'vms': 5.4609375}
{'pid': 3984, 'username': None, 'name': 'EMON.EXE', 'vms': 11.94140625}
{'pid': 4128, 'username': 'HP\\hp-pc', 'name': 'EMAILSCN.EXE', 'vms': 11.09765625}
{'pid': 4172, 'username': 'HP\\hp-pc', 'name': 'ClientCore.exe', 'vms': 3.62890625}
{'pid': 4184, 'username': 'HP\\hp-pc', 'name': 'OPBHOBrokerDsktop.exe', 'vms': 2.3125}
{'pid': 4196, 'username': 'HP\\hp-pc', 'name': 'SynTPHelper.exe', 'vms': 0.76171875}
{'pid': 4228, 'username': None, 'name': 'NPDEC.EXE', 'vms': 9.671875}
{'pid': 4304, 'username': 'HP\\hp-pc', 'name': 'NvBackend.exe', 'vms': 12.234375}
{'pid': 4312, 'username': 'HP\\hp-pc', 'name': 'chrome.exe', 'vms': 1.83984375}
{'pid': 4636, 'username': 'HP\\hp-pc', 'name': 'SynTPEnh.exe', 'vms': 5.63671875}
{'pid': 4648, 'username': 'HP\\hp-pc', 'name': 'RdrCEF.exe', 'vms': 32.63671875}
{'pid': 4652, 'username': 'HP\\hp-pc', 'name': 'explorer.exe', 'vms': 125.828125}
{'pid': 4748, 'username': 'HP\\hp-pc', 'name': 'igfxHK.exe', 'vms': 1.93359375}
{'pid': 4760, 'username': 'HP\\hp-pc', 'name': 'igfxEM.exe', 'vms': 3.65234375}
{'pid': 4892, 'username': 'HP\\hp-pc', 'name': 'AuthManSvr.exe', 'vms': 3.73828125}
{'pid': 4940, 'username': 'HP\\hp-pc', 'name': 'NPAV4.EXE', 'vms': 4.1484375}
{'pid': 4976, 'username': None, 'name': 'PresentationFontCache.exe', 'vms': 24.6875}
{'pid': 4996, 'username': 'HP\\hp-pc', 'name': 'YouCamService.exe', 'vms': 4.87109375}
{'pid': 5004, 'username': 'HP\\hp-pc', 'name': 'OPBHOBroker.exe', 'vms': 2.171875}
{'pid': 5020, 'username': 'HP\\hp-pc', 'name': 'CoolSense.exe', 'vms': 1.88671875}
{'pid': 5028, 'username': 'HP\\hp-pc', 'name': 'conhost.exe', 'vms': 0.77734375}
{'pid': 5040, 'username': None, 'name': 'audiodg.exe', 'vms': 24.984375}
{'pid': 5264, 'username': 'HP\\hp-pc', 'name': 'SynciosDeviceService.exe', 'vms': 4.828125}
{'pid': 5316, 'username': 'HP\\hp-pc', 'name': 'concentr.exe', 'vms': 9.36328125}
{'pid': 5356, 'username': 'HP\\hp-pc', 'name': 'crashpad_handler.exe', 'vms': 1.19140625}
{'pid': 5404, 'username': 'HP\\hp-pc', 'name': 'redirector.exe', 'vms': 1.6015625}
{'pid': 5460, 'username': 'HP\\hp-pc', 'name': 'androidnotifier.exe', 'vms': 1.22265625}
{'pid': 5516, 'username': 'HP\\hp-pc', 'name': 'jusched.exe', 'vms': 3.9921875}
{'pid': 5572, 'username': 'HP\\hp-pc', 'name': 'Receiver.exe', 'vms': 11.3046875}
{'pid': 5764, 'username': 'HP\\hp-pc', 'name': 'fsnotifier.exe', 'vms': 0.38671875}
{'pid': 5832, 'username': 'HP\\hp-pc', 'name': 'wfcrun32.exe', 'vms': 4.375}
{'pid': 5872, 'username': None, 'name': 'ZVMonNt.exe', 'vms': 25.94921875}
{'pid': 5944, 'username': 'HP\\hp-pc', 'name': 'SettingSyncHost.exe', 'vms': 13.69140625}
{'pid': 6180, 'username': 'HP\\hp-pc', 'name': 'adb.exe', 'vms': 1.72265625}
{'pid': 6296, 'username': 'HP\\hp-pc', 'name': 'jucheck.exe', 'vms': 3.79296875}
{'pid': 6444, 'username': 'HP\\hp-pc', 'name': 'wmplayer.exe', 'vms': 59.16015625}
{'pid': 6572, 'username': 'HP\\hp-pc', 'name': 'GZIP.EXE', 'vms': 0.85546875}
{'pid': 6748, 'username': 'HP\\hp-pc', 'name': 'NPSPACEA.EXE', 'vms': 2.25}
{'pid': 6776, 'username': None, 'name': 'hpqwmiex.exe', 'vms': 1.6171875}
{'pid': 7044, 'username': 'HP\\hp-pc', 'name': 'ZVMOUNT.EXE', 'vms': 2.453125}
{'pid': 7100, 'username': 'HP\\hp-pc', 'name': 'PROCES~2.EXE', 'vms': 8.55078125}
{'pid': 7760, 'username': 'HP\\hp-pc', 'name': 'RdrCEF.exe', 'vms': 32.6484375}
{'pid': 8116, 'username': 'HP\\hp-pc', 'name': 'chrome.exe', 'vms': 7.66796875}
{'pid': 8144, 'username': 'HP\\hp-pc', 'name': 'GoogleDriveFS.exe', 'vms': 12.4609375}
{'pid': 8292, 'username': 'HP\\hp-pc', 'name': 'python.exe', 'vms': 7.9765625}
{'pid': 8380, 'username': 'HP\\hp-pc', 'name': 'RdrCEF.exe', 'vms': 5.859375}
{'pid': 8424, 'username': 'HP\\hp-pc', 'name': 'chrome.exe', 'vms': 13.24609375}
{'pid': 8716, 'username': 'HP\\hp-pc', 'name': 'chrome.exe', 'vms': 71.96484375}
{'pid': 8852, 'username': 'HP\\hp-pc', 'name': 'chrome.exe', 'vms': 6.98046875}
{'pid': 8928, 'username': 'HP\\hp-pc', 'name': 'RdrCEF.exe', 'vms': 14.72265625}
{'pid': 8960, 'username': None, 'name': 'SearchIndexer.exe', 'vms': 30.41015625}
{'pid': 9484, 'username': None, 'name': 'APCONSVC.EXE', 'vms': 10.31640625}
{'pid': 9680, 'username': 'HP\\hp-pc', 'name': 'wuauclt.exe', 'vms': 1.5078125}
{'pid': 10056, 'username': None, 'name': 'conhost.exe', 'vms': 0.66796875}
{'pid': 10448, 'username': 'HP\\hp-pc', 'name': 'GoogleDriveFS.exe', 'vms': 37.44921875}
{'pid': 10480, 'username': None, 'name': 'TiWorker.exe', 'vms': 7.75390625}
{'pid': 10592, 'username': None, 'name': 'TrustedInstaller.exe', 'vms': 1.32421875}
{'pid': 10740, 'username': 'HP\\hp-pc', 'name': 'taskhost.exe', 'vms': 6.09375}
{'pid': 11060, 'username': 'HP\\hp-pc', 'name': 'chrome.exe', 'vms': 182.85546875}
{'pid': 11120, 'username': 'HP\\hp-pc', 'name': 'chrome.exe', 'vms': 15.28125}
{'pid': 11196, 'username': 'HP\\hp-pc', 'name': 'DropboxOEM.exe', 'vms': 66.640625}
{'pid': 11452, 'username': 'HP\\hp-pc', 'name': 'NPJUNKC.EXE', 'vms': 1.55859375}
{'pid': 11476, 'username': 'HP\\hp-pc', 'name': 'cmd.exe', 'vms': 1.57421875}
{'pid': 11868, 'username': None, 'name': 'WmiPrvSE.exe', 'vms': 4.52734375}
{'pid': 11924, 'username': 'HP\\hp-pc', 'name': 'CHFOL.EXE', 'vms': 0.87109375}
{'pid': 12128, 'username': 'HP\\hp-pc', 'name': 'chrome.exe', 'vms': 15.1484375}
{'pid': 12356, 'username': 'HP\\hp-pc', 'name': 'GoogleDriveFS.exe', 'vms': 13.421875}
{'pid': 13376, 'username': 'HP\\hp-pc', 'name': 'chrome.exe', 'vms': 15.38671875}
{'pid': 14088, 'username': 'HP\\hp-pc', 'name': 'GoogleDriveFS.exe', 'vms': 24.28125}
{'pid': 14388, 'username': None, 'name': 'WmiPrvSE.exe', 'vms': 4.24609375}
{'pid': 14400, 'username': 'HP\\hp-pc', 'name': 'RdrCEF.exe', 'vms': 8.63671875}
{'pid': 14832, 'username': 'HP\\hp-pc', 'name': 'python.exe', 'vms': 5.15625}
{'pid': 15016, 'username': 'HP\\hp-pc', 'name': 'chrome.exe', 'vms': 121.76953125}
{'pid': 15044, 'username': 'HP\\hp-pc', 'name': 'GoogleDriveFS.exe', 'vms': 29.1953125}
{'pid': 15236, 'username': None, 'name': 'NPDMAL.EXE', 'vms': 14.03515625}
{'pid': 15340, 'username': 'HP\\hp-pc', 'name': 'chrome.exe', 'vms': 23.96875}
{'pid': 15936, 'username': None, 'name': 'OCTACORE.EXE', 'vms': 15.89453125}
{'pid': 16060, 'username': 'HP\\hp-pc', 'name': 'chrome.exe', 'vms': 66.9921875}
{'pid': 16328, 'username': None, 'name': 'NPAVIDS.EXE', 'vms': 6.28125}
{'pid': 16500, 'username': 'HP\\hp-pc', 'name': 'RdrCEF.exe', 'vms': 53.79296875}
{'pid': 16664, 'username': 'HP\\hp-pc', 'name': 'GoogleDriveFS.exe', 'vms': 18.25}
{'pid': 16872, 'username': 'HP\\hp-pc', 'name': 'conhost.exe', 'vms': 0.9296875}
{'pid': 18480, 'username': 'HP\\hp-pc', 'name': 'NPDATABKP.EXE', 'vms': 2.7421875}
{'pid': 18520, 'username': 'HP\\hp-pc', 'name': 'crashpad_handler.exe', 'vms': 1.0546875}
{'pid': 18564, 'username': 'HP\\hp-pc', 'name': 'conhost.exe', 'vms': 1.05859375}
{'pid': 19008, 'username': None, 'name': 'dllhost.exe', 'vms': 1.84765625}
{'pid': 19076, 'username': 'HP\\hp-pc', 'name': 'RdrCEF.exe', 'vms': 29.3671875}
{'pid': 19232, 'username': 'HP\\hp-pc', 'name': 'RdrCEF.exe', 'vms': 36.7421875}
{'pid': 19300, 'username': 'HP\\hp-pc', 'name': 'AcroRd32.exe', 'vms': 35.0078125}
{'pid': 19356, 'username': 'HP\\hp-pc', 'name': 'RuntimeBroker.exe', 'vms': 4.75}
{'pid': 19444, 'username': None, 'name': 'conhost.exe', 'vms': 0.671875}
