--------------------------------------------------------------------------------
Marvellous Infosystems Process Logger : Thu Dec  1 11:41:25 2022
--------------------------------------------------------------------------------
{'username': 'NT AUTHORITY\\SYSTEM', 'pid': 0, 'name': 'System Idle Process', 'vms': 0.0}
{'username': 'NT AUTHORITY\\SYSTEM', 'pid': 4, 'name': 'System', 'vms': 3.39453125}
{'username': None, 'pid': 260, 'name': 'nvxdsync.exe', 'vms': 7.15234375}
{'username': 'HP\\hp-pc', 'pid': 308, 'name': 'chrome.exe', 'vms': 92.10546875}
{'username': None, 'pid': 344, 'name': 'smss.exe', 'vms': 0.29296875}
{'username': None, 'pid': 516, 'name': 'nvvsvc.exe', 'vms': 5.15625}
{'username': None, 'pid': 536, 'name': 'OmniServ.exe', 'vms': 4.2890625}
{'username': None, 'pid': 544, 'name': 'csrss.exe', 'vms': 2.0078125}
{'username': None, 'pid': 620, 'name': 'csrss.exe', 'vms': 3.0625}
{'username': None, 'pid': 628, 'name': 'wininit.exe', 'vms': 0.78515625}
{'username': None, 'pid': 672, 'name': 'winlogon.exe', 'vms': 1.453125}
{'username': None, 'pid': 724, 'name': 'services.exe', 'vms': 4.66796875}
{'username': None, 'pid': 732, 'name': 'lsass.exe', 'vms': 6.7578125}
{'username': None, 'pid': 800, 'name': 'svchost.exe', 'vms': 5.5234375}
{'username': None, 'pid': 816, 'name': 'svchost.exe', 'vms': 25.578125}
{'username': None, 'pid': 840, 'name': 'svchost.exe', 'vms': 7.44921875}
{'username': 'HP\\hp-pc', 'pid': 920, 'name': 'HPMSGSVC.exe', 'vms': 1.640625}
{'username': None, 'pid': 928, 'name': 'dwm.exe', 'vms': 34.1328125}
{'username': None, 'pid': 936, 'name': 'GamesAppIntegrationService.exe', 'vms': 1.2890625}
{'username': None, 'pid': 960, 'name': 'nvvsvc.exe', 'vms': 2.02734375}
{'username': None, 'pid': 1028, 'name': 'svchost.exe', 'vms': 35.7109375}
{'username': None, 'pid': 1040, 'name': 'GoogleInputService.exe', 'vms': 1.125}
{'username': None, 'pid': 1100, 'name': 'svchost.exe', 'vms': 13.6953125}
{'username': None, 'pid': 1164, 'name': 'opvapp.exe', 'vms': 1.8359375}
{'username': None, 'pid': 1176, 'name': 'igfxCUIService.exe', 'vms': 2.046875}
{'username': None, 'pid': 1204, 'name': 'svchost.exe', 'vms': 122.60546875}
{'username': 'HP\\hp-pc', 'pid': 1232, 'name': 'pycharm64.exe', 'vms': 1982.6171875}
{'username': 'HP\\hp-pc', 'pid': 1272, 'name': 'GoogleDriveFS.exe', 'vms': 13.37890625}
{'username': None, 'pid': 1296, 'name': 'dasHost.exe', 'vms': 5.328125}
{'username': None, 'pid': 1396, 'name': 'RtkAudioService64.exe', 'vms': 1.67578125}
{'username': None, 'pid': 1412, 'name': 'RAVBg64.exe', 'vms': 5.546875}
{'username': None, 'pid': 1436, 'name': 'svchost.exe', 'vms': 6.96875}
{'username': None, 'pid': 1448, 'name': 'svchost.exe', 'vms': 15.44921875}
{'username': None, 'pid': 1564, 'name': 'wlanext.exe', 'vms': 1.4296875}
{'username': 'HP\\hp-pc', 'pid': 1572, 'name': 'esif_assist.exe', 'vms': 1.046875}
{'username': None, 'pid': 1576, 'name': 'conhost.exe', 'vms': 0.6015625}
{'username': None, 'pid': 1580, 'name': 'esif_uf.exe', 'vms': 1.53125}
{'username': None, 'pid': 1660, 'name': 'spoolsv.exe', 'vms': 4.3515625}
{'username': None, 'pid': 1688, 'name': 'svchost.exe', 'vms': 17.0703125}
{'username': None, 'pid': 1708, 'name': 'UPDGEN2.EXE', 'vms': 1.15234375}
{'username': None, 'pid': 1796, 'name': 'armsvc.exe', 'vms': 2.98828125}
{'username': None, 'pid': 1876, 'name': 'taskhost.exe', 'vms': 20.57421875}
{'username': 'HP\\hp-pc', 'pid': 1904, 'name': 'nvtray.exe', 'vms': 4.03515625}
{'username': None, 'pid': 1920, 'name': 'svchost.exe', 'vms': 3.27734375}
{'username': None, 'pid': 1940, 'name': 'BTDevMgr.exe', 'vms': 1.68359375}
{'username': 'HP\\hp-pc', 'pid': 1968, 'name': 'conhost.exe', 'vms': 1.3515625}
{'username': None, 'pid': 2000, 'name': 'UpdaterService.exe', 'vms': 11.578125}
{'username': None, 'pid': 2060, 'name': 'WEBPROT2.EXE', 'vms': 23.18359375}
{'username': None, 'pid': 2128, 'name': 'NPHOST.EXE', 'vms': 5.8046875}
{'username': None, 'pid': 2180, 'name': 'NPProt.exe', 'vms': 0.83984375}
{'username': None, 'pid': 2224, 'name': 'NvNetworkService.exe', 'vms': 1.33984375}
{'username': None, 'pid': 2288, 'name': 'nvstreamsvc.exe', 'vms': 3.6171875}
{'username': None, 'pid': 2352, 'name': 'nvstreamsvc.exe', 'vms': 5.38671875}
{'username': None, 'pid': 2372, 'name': 'SynTPEnhService.exe', 'vms': 0.78125}
{'username': None, 'pid': 2536, 'name': 'IAStorDataMgrSvc.exe', 'vms': 38.87109375}
{'username': None, 'pid': 2560, 'name': 'nvstreamsvc.exe', 'vms': 3.3359375}
{'username': None, 'pid': 2568, 'name': 'conhost.exe', 'vms': 0.71875}
{'username': 'HP\\hp-pc', 'pid': 2668, 'name': 'taskhostex.exe', 'vms': 5.96875}
{'username': None, 'pid': 2764, 'name': 'HPSupportSolutionsFrameworkService.exe', 'vms': 35.109375}
{'username': 'HP\\hp-pc', 'pid': 2888, 'name': 'RtkNGUI64.exe', 'vms': 8.2734375}
{'username': None, 'pid': 2892, 'name': 'jhi_service.exe', 'vms': 0.96484375}
{'username': None, 'pid': 3040, 'name': 'WUDFHost.exe', 'vms': 22.69921875}
{'username': None, 'pid': 3076, 'name': 'ZVCMD64.EXE', 'vms': 0.55859375}
{'username': None, 'pid': 3088, 'name': 'conhost.exe', 'vms': 0.61328125}
{'username': None, 'pid': 3116, 'name': 'svchost.exe', 'vms': 0.8671875}
{'username': None, 'pid': 3148, 'name': 'svchost.exe', 'vms': 5.65625}
{'username': 'HP\\hp-pc', 'pid': 3216, 'name': 'conhost.exe', 'vms': 0.93359375}
{'username': None, 'pid': 3244, 'name': 'GoogleCrashHandler64.exe', 'vms': 1.27734375}
{'username': None, 'pid': 3304, 'name': 'WmiPrvSE.exe', 'vms': 25.03125}
{'username': 'HP\\hp-pc', 'pid': 3340, 'name': 'crashpad_handler.exe', 'vms': 1.11328125}
{'username': None, 'pid': 3380, 'name': 'conhost.exe', 'vms': 0.859375}
{'username': 'HP\\hp-pc', 'pid': 3580, 'name': 'cmd.exe', 'vms': 1.62890625}
{'username': None, 'pid': 3624, 'name': 'GoogleCrashHandler.exe', 'vms': 1.33984375}
{'username': None, 'pid': 3672, 'name': 'LMS.exe', 'vms': 3.84375}
{'username': 'HP\\hp-pc', 'pid': 3696, 'name': 'AcroRd32.exe', 'vms': 75.34375}
{'username': 'HP\\hp-pc', 'pid': 3764, 'name': 'GoogleInputHandler.exe', 'vms': 5.4609375}
{'username': None, 'pid': 3984, 'name': 'EMON.EXE', 'vms': 11.94140625}
{'username': 'HP\\hp-pc', 'pid': 4128, 'name': 'EMAILSCN.EXE', 'vms': 10.96484375}
{'username': 'HP\\hp-pc', 'pid': 4172, 'name': 'ClientCore.exe', 'vms': 3.62890625}
{'username': 'HP\\hp-pc', 'pid': 4184, 'name': 'OPBHOBrokerDsktop.exe', 'vms': 2.3125}
{'username': 'HP\\hp-pc', 'pid': 4196, 'name': 'SynTPHelper.exe', 'vms': 0.76171875}
{'username': None, 'pid': 4228, 'name': 'NPDEC.EXE', 'vms': 9.671875}
{'username': 'HP\\hp-pc', 'pid': 4304, 'name': 'NvBackend.exe', 'vms': 12.234375}
{'username': 'HP\\hp-pc', 'pid': 4312, 'name': 'chrome.exe', 'vms': 1.8359375}
{'username': 'HP\\hp-pc', 'pid': 4636, 'name': 'SynTPEnh.exe', 'vms': 5.63671875}
{'username': 'HP\\hp-pc', 'pid': 4648, 'name': 'RdrCEF.exe', 'vms': 32.63671875}
{'username': 'HP\\hp-pc', 'pid': 4652, 'name': 'explorer.exe', 'vms': 125.46875}
{'username': 'HP\\hp-pc', 'pid': 4748, 'name': 'igfxHK.exe', 'vms': 1.93359375}
{'username': 'HP\\hp-pc', 'pid': 4760, 'name': 'igfxEM.exe', 'vms': 3.65234375}
{'username': 'HP\\hp-pc', 'pid': 4892, 'name': 'AuthManSvr.exe', 'vms': 3.7421875}
{'username': 'HP\\hp-pc', 'pid': 4940, 'name': 'NPAV4.EXE', 'vms': 4.11328125}
{'username': None, 'pid': 4976, 'name': 'PresentationFontCache.exe', 'vms': 24.6875}
{'username': 'HP\\hp-pc', 'pid': 4996, 'name': 'YouCamService.exe', 'vms': 4.87109375}
{'username': 'HP\\hp-pc', 'pid': 5004, 'name': 'OPBHOBroker.exe', 'vms': 2.171875}
{'username': 'HP\\hp-pc', 'pid': 5020, 'name': 'CoolSense.exe', 'vms': 1.88671875}
{'username': 'HP\\hp-pc', 'pid': 5028, 'name': 'conhost.exe', 'vms': 0.77734375}
{'username': None, 'pid': 5040, 'name': 'audiodg.exe', 'vms': 24.984375}
{'username': 'HP\\hp-pc', 'pid': 5264, 'name': 'SynciosDeviceService.exe', 'vms': 4.828125}
{'username': 'HP\\hp-pc', 'pid': 5316, 'name': 'concentr.exe', 'vms': 9.36328125}
{'username': 'HP\\hp-pc', 'pid': 5356, 'name': 'crashpad_handler.exe', 'vms': 1.19140625}
{'username': 'HP\\hp-pc', 'pid': 5404, 'name': 'redirector.exe', 'vms': 1.6015625}
{'username': 'HP\\hp-pc', 'pid': 5460, 'name': 'androidnotifier.exe', 'vms': 1.22265625}
{'username': 'HP\\hp-pc', 'pid': 5516, 'name': 'jusched.exe', 'vms': 3.9921875}
{'username': 'HP\\hp-pc', 'pid': 5572, 'name': 'Receiver.exe', 'vms': 10.6484375}
{'username': 'HP\\hp-pc', 'pid': 5764, 'name': 'fsnotifier.exe', 'vms': 0.38671875}
{'username': 'HP\\hp-pc', 'pid': 5832, 'name': 'wfcrun32.exe', 'vms': 4.4453125}
{'username': None, 'pid': 5872, 'name': 'ZVMonNt.exe', 'vms': 25.92578125}
{'username': 'HP\\hp-pc', 'pid': 5944, 'name': 'SettingSyncHost.exe', 'vms': 13.72265625}
{'username': 'HP\\hp-pc', 'pid': 6180, 'name': 'adb.exe', 'vms': 1.72265625}
{'username': 'HP\\hp-pc', 'pid': 6296, 'name': 'jucheck.exe', 'vms': 3.79296875}
{'username': 'HP\\hp-pc', 'pid': 6444, 'name': 'wmplayer.exe', 'vms': 53.359375}
{'username': 'HP\\hp-pc', 'pid': 6572, 'name': 'GZIP.EXE', 'vms': 0.85546875}
{'username': 'HP\\hp-pc', 'pid': 6748, 'name': 'NPSPACEA.EXE', 'vms': 2.24609375}
{'username': None, 'pid': 6776, 'name': 'hpqwmiex.exe', 'vms': 1.546875}
{'username': 'HP\\hp-pc', 'pid': 7044, 'name': 'ZVMOUNT.EXE', 'vms': 2.453125}
{'username': 'HP\\hp-pc', 'pid': 7100, 'name': 'PROCES~2.EXE', 'vms': 8.55078125}
{'username': 'HP\\hp-pc', 'pid': 7760, 'name': 'RdrCEF.exe', 'vms': 32.6484375}
{'username': 'HP\\hp-pc', 'pid': 8060, 'name': 'chrome.exe', 'vms': 13.23828125}
{'username': 'HP\\hp-pc', 'pid': 8116, 'name': 'chrome.exe', 'vms': 7.40625}
{'username': 'HP\\hp-pc', 'pid': 8144, 'name': 'GoogleDriveFS.exe', 'vms': 12.4609375}
{'username': 'HP\\hp-pc', 'pid': 8380, 'name': 'RdrCEF.exe', 'vms': 5.859375}
{'username': None, 'pid': 8544, 'name': 'setup.exe', 'vms': 3.3046875}
{'username': None, 'pid': 8720, 'name': 'MicrosoftEdgeUpdate.exe', 'vms': 1.33984375}
{'username': 'HP\\hp-pc', 'pid': 8852, 'name': 'chrome.exe', 'vms': 6.98046875}
{'username': 'HP\\hp-pc', 'pid': 8928, 'name': 'RdrCEF.exe', 'vms': 14.72265625}
{'username': None, 'pid': 8960, 'name': 'SearchIndexer.exe', 'vms': 30.30859375}
{'username': None, 'pid': 9088, 'name': 'setup.exe', 'vms': 3.109375}
{'username': None, 'pid': 9484, 'name': 'APCONSVC.EXE', 'vms': 8.6015625}
{'username': 'HP\\hp-pc', 'pid': 9680, 'name': 'wuauclt.exe', 'vms': 1.5078125}
{'username': None, 'pid': 10056, 'name': 'conhost.exe', 'vms': 0.66796875}
{'username': 'HP\\hp-pc', 'pid': 10448, 'name': 'GoogleDriveFS.exe', 'vms': 37.44921875}
{'username': 'HP\\hp-pc', 'pid': 10740, 'name': 'taskhost.exe', 'vms': 6.09375}
{'username': 'HP\\hp-pc', 'pid': 11060, 'name': 'chrome.exe', 'vms': 176.87890625}
{'username': 'HP\\hp-pc', 'pid': 11196, 'name': 'DropboxOEM.exe', 'vms': 66.4296875}
{'username': 'HP\\hp-pc', 'pid': 11452, 'name': 'NPJUNKC.EXE', 'vms': 1.55859375}
{'username': 'HP\\hp-pc', 'pid': 11476, 'name': 'cmd.exe', 'vms': 1.57421875}
{'username': None, 'pid': 11868, 'name': 'WmiPrvSE.exe', 'vms': 5.2109375}
{'username': 'HP\\hp-pc', 'pid': 11924, 'name': 'CHFOL.EXE', 'vms': 0.87109375}
{'username': 'HP\\hp-pc', 'pid': 12128, 'name': 'chrome.exe', 'vms': 15.1484375}
{'username': 'HP\\hp-pc', 'pid': 12356, 'name': 'GoogleDriveFS.exe', 'vms': 13.421875}
{'username': 'HP\\hp-pc', 'pid': 14088, 'name': 'GoogleDriveFS.exe', 'vms': 24.10546875}
{'username': 'HP\\hp-pc', 'pid': 14400, 'name': 'RdrCEF.exe', 'vms': 8.63671875}
{'username': 'HP\\hp-pc', 'pid': 14832, 'name': 'python.exe', 'vms': 5.15625}
{'username': 'HP\\hp-pc', 'pid': 15016, 'name': 'chrome.exe', 'vms': 113.10546875}
{'username': 'HP\\hp-pc', 'pid': 15044, 'name': 'GoogleDriveFS.exe', 'vms': 29.1953125}
{'username': None, 'pid': 15236, 'name': 'NPDMAL.EXE', 'vms': 10.71484375}
{'username': 'HP\\hp-pc', 'pid': 15340, 'name': 'chrome.exe', 'vms': 21.859375}
{'username': 'HP\\hp-pc', 'pid': 15508, 'name': 'python.exe', 'vms': 7.53515625}
{'username': 'HP\\hp-pc', 'pid': 16060, 'name': 'chrome.exe', 'vms': 85.703125}
{'username': None, 'pid': 16328, 'name': 'NPAVIDS.EXE', 'vms': 6.28125}
{'username': None, 'pid': 16352, 'name': 'GoogleUpdate.exe', 'vms': 1.6484375}
{'username': None, 'pid': 16484, 'name': 'WmiPrvSE.exe', 'vms': 4.3125}
{'username': 'HP\\hp-pc', 'pid': 16500, 'name': 'RdrCEF.exe', 'vms': 53.79296875}
{'username': 'HP\\hp-pc', 'pid': 16664, 'name': 'GoogleDriveFS.exe', 'vms': 18.25}
{'username': 'HP\\hp-pc', 'pid': 16872, 'name': 'conhost.exe', 'vms': 0.9296875}
{'username': 'HP\\hp-pc', 'pid': 17156, 'name': 'chrome.exe', 'vms': 7.78515625}
{'username': None, 'pid': 17444, 'name': '107.0.5304.123_107.0.5304.107_chrome_updater.exe', 'vms': 0.99609375}
{'username': 'HP\\hp-pc', 'pid': 18480, 'name': 'NPDATABKP.EXE', 'vms': 2.375}
{'username': 'HP\\hp-pc', 'pid': 18520, 'name': 'crashpad_handler.exe', 'vms': 1.0546875}
{'username': 'HP\\hp-pc', 'pid': 18564, 'name': 'conhost.exe', 'vms': 1.05859375}
{'username': None, 'pid': 19008, 'name': 'dllhost.exe', 'vms': 1.84765625}
{'username': 'HP\\hp-pc', 'pid': 19076, 'name': 'RdrCEF.exe', 'vms': 29.3671875}
{'username': 'HP\\hp-pc', 'pid': 19232, 'name': 'RdrCEF.exe', 'vms': 35.26953125}
{'username': 'HP\\hp-pc', 'pid': 19300, 'name': 'AcroRd32.exe', 'vms': 35.0078125}
{'username': 'HP\\hp-pc', 'pid': 19356, 'name': 'RuntimeBroker.exe', 'vms': 4.65625}
{'username': None, 'pid': 19444, 'name': 'conhost.exe', 'vms': 0.671875}
